Arguments: 
  /Users/waresix/.nvm/versions/node/v18.15.0/bin/node /Users/waresix/.yarn/releases/yarn-1.22.15.cjs add -D @types/utf8

PATH: 
  /Users/waresix/.bun/bin:/Users/waresix/.rvm/gems/ruby-3.0.6/bin:/Users/waresix/.rvm/gems/ruby-3.0.6@global/bin:/Users/waresix/.rvm/rubies/ruby-3.0.6/bin:/Users/waresix/.nvm/versions/node/v18.15.0/bin:/usr/local/bin:/usr/bin:/bin:/usr/sbin:/sbin:/usr/local/go/bin:/Library/Apple/usr/bin:/Users/waresix/Library/pnpm:/Users/waresix/.bun/bin:/Users/waresix/.rvm/gems/ruby-3.0.6/bin:/Users/waresix/.rvm/gems/ruby-3.0.6@global/bin:/Users/waresix/.rvm/rubies/ruby-3.0.6/bin:/Users/waresix/.nvm/versions/node/v18.15.0/bin:/Users/waresix/.rvm/bin:/Users/waresix/Documents/Mobile-Dev/SDK/flutter/bin:/Users/waresix/Documents/Mobile-Dev/SDK/android/cmdline-tools/latest/bin:/Users/waresix/Documents/Mobile-Dev/SDK/android/emulator:/Users/waresix/Documents/Mobile-Dev/SDK/android/platform-tools:/Users/waresix/Documents/Mobile-Dev/SDK/flutter/bin:/Users/waresix/Documents/Mobile-Dev/SDK/android/cmdline-tools/latest/bin:/Users/waresix/Documents/Mobile-Dev/SDK/android/emulator:/Users/waresix/Documents/Mobile-Dev/SDK/android/platform-tools:/Users/waresix/.rvm/bin

Yarn version: 
  1.22.15

Node version: 
  18.15.0

Platform: 
  darwin x64

Trace: 
  Error: ENOENT: no such file or directory, copyfile '/Users/waresix/Library/Caches/Yarn/v6/npm-ms-2.1.2-d09d1f357b443f493382a8eb3ccd183872ae6009-integrity/node_modules/ms/index.js' -> '/Users/waresix/Documents/RINDEV/frontend-tht/fullstack-chat-app/chat-app-server/node_modules/nodemon/node_modules/ms/index.js'

npm manifest: 
  {
    "name": "chat-app-server",
    "version": "1.0.0",
    "description": "",
    "main": "index.js",
    "scripts": {
      "build": "npx tsc",
      "start": "node dist/index.js",
      "dev": "nodemon --watch src/** --ext ts,json --ignore src/**/*.spec.ts --exec ts-node src/index.ts"
    },
    "keywords": [],
    "author": "",
    "license": "ISC",
    "dependencies": {
      "@supabase/supabase-js": "^2.43.1",
      "base-64": "^1.0.0",
      "body-parser": "^1.20.2",
      "dotenv": "^16.4.5",
      "express": "^4.19.2",
      "morgan": "^1.10.0",
      "utf8": "^3.0.0"
    },
    "devDependencies": {
      "@types/base-64": "^1.0.2",
      "@types/express": "^4.17.21",
      "@types/morgan": "^1.9.9",
      "@types/node": "^20.12.11",
      "nodemon": "^3.1.0",
      "ts-node": "^10.9.2",
      "typescript": "^5.4.5"
    }
  }

yarn manifest: 
  No manifest

Lockfile: 
  No lockfile
